max_iteration: -1
gpuid: 
MAXSTEP: 10000
Converge: 1
Species: tensor([[1, 6, 1, 1, 6, 8, 7, 1, 6, 1, 6, 1, 1, 1, 6, 8, 7, 1, 6, 1, 1, 1]])
Coordinates: tensor([[[ 2.0000,  1.0000, -0.0000],
         [ 2.0000,  2.0900,  0.0000],
         [ 1.4860,  2.4540,  0.8900],
         [ 1.4860,  2.4540, -0.8900],
         [ 3.4270,  2.6410, -0.0000],
         [ 4.3910,  1.8770, -0.0000],
         [ 3.5550,  3.9700, -0.0000],
         [ 2.7330,  4.5560, -0.0000],
         [ 4.8530,  4.6140, -0.0000],
         [ 5.5752,  3.9790,  0.5140],
         [ 5.3449,  4.8582, -1.4225],
         [ 4.6373,  5.4999, -1.9472],
         [ 6.3206,  5.3427, -1.3923],
         [ 5.4293,  3.9062, -1.9469],
         [ 4.7975,  5.9587,  0.7097],
         [ 5.0101,  6.0359,  1.9179],
         [ 4.5105,  7.0222, -0.0444],
         [ 4.3434,  6.9086, -1.0341],
         [ 4.4283,  8.3571,  0.5131],
         [ 4.6314,  8.3180,  1.5829],
         [ 5.1627,  9.0003,  0.0276],
         [ 3.4285,  8.7596,  0.3482]]], requires_grad=True)
Bond constrain index: []
Bond constrain number list: []
Ang constrain index: []
Ang constrain number list: []
Tor constrain index: [ 5  7  9 15  7  9 15 17]
Tor constrain number list: [-150.00035485  -89.99952347]
0 -495.7166327447364 0.03388768061995506 0.026373574510216713 0.2963505130873253
1 -495.71744074530096 0.04189631715416908 0.01642451621592045 0.5
2 -495.71842538423033 0.01692374236881733 0.016094908118247986 0.5
3 -495.7190045178601 0.01946561597287655 0.009148004464805126 0.5
4 -495.719317144222 0.019372234120965004 0.012832692824304104 0.5
5 -495.7197482497165 0.03014030121266842 0.016003649681806564 0.5
6 -495.7200670004556 0.01791999116539955 0.008555103093385696 0.3166092024959326
7 -495.7203161180684 0.008381463587284088 0.0069406479597091675 0.5
8 -495.72063051766844 0.018058419227600098 0.019237959757447243 1.5758633858935271
9 -495.7210525036523 0.01616496406495571 0.02210906706750393 0.5
10 -495.72137587375136 0.010294195264577866 0.01175757683813572 0.5
11 -495.7215695441434 0.007729517295956612 0.009918653406202793 0.5
12 -495.7217696071336 0.004613719414919615 0.011521322652697563 0.5
13 -495.72183336920233 0.005404053721576929 0.0026702696923166513 0.5
14 -495.72190297252627 0.004117135889828205 0.0038372469134628773 0.5
15 -495.7219968498418 0.014095370657742023 0.009046130813658237 1.1877830802565956
16 -495.7221737564275 0.014146444387733936 0.02130845934152603 0.5
17 -495.7223694682786 0.022915417328476906 0.015423162840306759 0.5
18 -495.72248526520224 0.024795372039079666 0.01686033606529236 0.272649291850553
19 -495.7226649434039 0.00877859815955162 0.005600643344223499 0.23799221826397382
20 -495.72273181981535 0.006873398087918758 0.0048612928949296474 0.5
21 -495.72276391691656 0.007821175269782543 0.004494157619774342 0.5
22 -495.722832551665 0.0081575196236372 0.0048123933374881744 0.5
23 -495.72286414212675 0.00865880772471428 0.007256148383021355 0.5
24 -495.7229433119962 0.010587794706225395 0.006850887555629015 0.5
25 -495.72299926585646 0.007282427046447992 0.005229754839092493 0.3271213208449948
26 -495.7230363101432 0.0035328641533851624 0.003536988515406847 0.5
27 -495.72305714196654 0.005786697845906019 0.0037462774198502302 0.5
28 -495.7231099218795 0.004005617927759886 0.006046634167432785 0.5
29 -495.7231311113307 0.0038669740315526724 0.002438901923596859 0.5
30 -495.72314952916594 0.0037776362150907516 0.003438732121139765 0.5
31 -495.72321388728113 0.009196149185299873 0.015458988025784492 1.6563929751958726
32 -495.7232995242545 0.010031080804765224 0.021499715745449066 0.5
33 -495.7233763695428 0.005400396417826414 0.02147188037633896 0.5
34 -495.72342053658457 0.005873911548405886 0.012018299661576748 0.5
35 -495.72344451255293 0.00864469911903143 0.008156904950737953 0.5
36 -495.7234515906045 0.00929930154234171 0.005762810818850994 0.20922831967055938
37 -495.723485192723 0.0035466381814330816 0.0025304327718913555 0.26080459095832614
38 -495.7234981716344 0.0028160903602838516 0.0020961652044206858 0.5
39 -495.723511910505 0.002951685106381774 0.0016316742403432727 0.5
40 -495.7235192418763 0.0017218702705577016 0.0008762931101955473 0.3010629576363949
41 -495.72352207309694 0.001880328985862434 0.0007377514848485589 0.5
42 -495.72352971739264 0.0026047001592814922 0.0022254379000514746 1.271247946308062
43 -495.7235353053281 0.0029216150287538767 0.0011143392184749246 0.5
44 -495.7235376448104 0.002147148596122861 0.0007451974088326097 0.26498822361644647
45 -495.7235401780078 0.002274200553074479 0.0009991831611841917 0.5
46 -495.7235414446065 0.0018249525455757976 0.0007037512841634452 0.25067584833429546
47 -495.72354396290274 0.0012485384941101074 0.0005308398394845426 0.29193532224647734
48 -495.7235457063386 0.0008941027335822582 0.0005178738501854241 0.5
49 -495.723550459809 0.003082147566601634 0.0020721550099551678 1.7028322569720655
50 -495.72355881936045 0.001989864045754075 0.0028400758747011423 0.5
51 -495.7235610694358 0.0024739799555391073 0.0009415794629603624 0.5
52 -495.72356147176714 0.0031354879029095173 0.0005630757077597082 0.13121309296549344
53 -495.72356565899344 0.001407264731824398 0.0008326525567099452 0.2913967425803661
54 -495.72356780476065 0.0015413877554237843 0.0006634878227487206 0.5
55 -495.72357094890566 0.001328631886281073 0.0007755536353215575 0.5
56 -495.7235727072427 0.0018797226948663592 0.0008255440043285489 0.5
57 -495.7235731244752 0.0025694952346384525 0.0005568565102294087 0.16830615859783982
58 -495.7235759556958 0.0015469937352463603 0.0006041221204213798 0.27823537686784156
59 -495.7235775054166 0.0011094771325588226 0.0006103558698669076 0.5
60 -495.7235790849397 0.0016177521320059896 0.0006486985366791487 0.5
61 -495.72358127541037 0.0014405959518626332 0.0008690691320225596 0.5
62 -495.7235857904622 0.0031706769950687885 0.00392525689676404 1.4420499171185492
63 -495.72359924621077 0.0023200251162052155 0.006430970970541239 0.5
64 -495.7236103028724 0.0017199330031871796 0.0048516541719436646 0.5
65 -495.7236148626277 0.0022770334035158157 0.004867055453360081 0.5
66 -495.72362286455126 0.0022486038506031036 0.0035788877867162228 0.5
67 -495.72362547225447 0.002271050587296486 0.0032135196961462498 0.5
68 -495.7236275435159 0.002969302237033844 0.0035030969884246588 0.32382537185688104
69 -495.7236332208583 0.0015037581324577332 0.001355192274786532 0.2878047575465509
70 -495.7236348003814 0.000515796709805727 0.0005514100776053965 0.3196858801570819
71 -495.723635321922 0.0005213142721913755 0.0002737543545663357 0.5
72 -495.72363581366034 0.0005588867352344096 0.0003470499941613525 0.5
73 -495.7236365885207 0.0004255259409546852 0.0004937505582347512 0.5
